2021-12-08T04:04:59+00:00 CRITICAL syntax error, unexpected token "}", expecting "," or ";" in E:\github\project-cms\branch master\training-cms\wp-content\themes\storefront\header.php on line 56

2021-12-08T04:05:00+00:00 CRITICAL syntax error, unexpected token "}", expecting "," or ";" in E:\github\project-cms\branch master\training-cms\wp-content\themes\storefront\header.php on line 56

2021-12-08T04:06:09+00:00 CRITICAL Unclosed '{' on line 55 in E:\github\project-cms\branch master\training-cms\wp-content\themes\storefront\header.php on line 76

2021-12-08T04:06:12+00:00 CRITICAL Unclosed '{' on line 55 in E:\github\project-cms\branch master\training-cms\wp-content\themes\storefront\header.php on line 76

2021-12-08T04:09:23+00:00 CRITICAL Uncaught TypeError: call_user_func_array(): Argument #1 ($callback) must be a valid callback, function "storefront_skip_links" not found or invalid function name in E:\github\project-cms\branch master\training-cms\wp-includes\class-wp-hook.php:303
Stack trace:
#0 E:\github\project-cms\branch master\training-cms\wp-includes\class-wp-hook.php(327): WP_Hook->apply_filters(NULL, Array)
#1 E:\github\project-cms\branch master\training-cms\wp-includes\plugin.php(470): WP_Hook->do_action(Array)
#2 E:\github\project-cms\branch master\training-cms\wp-content\themes\storefront\header.php(50): do_action('storefront_head...')
#3 E:\github\project-cms\branch master\training-cms\wp-includes\template.php(770): require_once('E:\\github\\proje...')
#4 E:\github\project-cms\branch master\training-cms\wp-includes\template.php(716): load_template('E:\\github\\proje...', true, Array)
#5 E:\github\project-cms\branch master\training-cms\wp-includes\general-template.php(48): locate_template(Array, true, true, Array)
#6 E:\github\project-cms\branch master\training-cms\wp-content\themes\storefront\page.php(13): get_header()
#7 E:\github\project-cms\branch master\training-cms\wp-includes\template-loader.php(106): include('E:\\github\\proje...')
#8 E:\github\project-cms\branch master\training-cms\wp-blog-header.php(19): require_once('E:\\github\\proje...')
#9 E:\github\project-cms\branch master\training-cms\index.php(17): require('E:\\github\\proje...')
#10 {main}
  thrown in E:\github\project-cms\branch master\training-cms\wp-includes\class-wp-hook.php on line 303

2021-12-08T04:09:24+00:00 CRITICAL Uncaught TypeError: call_user_func_array(): Argument #1 ($callback) must be a valid callback, function "storefront_skip_links" not found or invalid function name in E:\github\project-cms\branch master\training-cms\wp-includes\class-wp-hook.php:303
Stack trace:
#0 E:\github\project-cms\branch master\training-cms\wp-includes\class-wp-hook.php(327): WP_Hook->apply_filters(NULL, Array)
#1 E:\github\project-cms\branch master\training-cms\wp-includes\plugin.php(470): WP_Hook->do_action(Array)
#2 E:\github\project-cms\branch master\training-cms\wp-content\themes\storefront\header.php(50): do_action('storefront_head...')
#3 E:\github\project-cms\branch master\training-cms\wp-includes\template.php(770): require_once('E:\\github\\proje...')
#4 E:\github\project-cms\branch master\training-cms\wp-includes\template.php(716): load_template('E:\\github\\proje...', true, Array)
#5 E:\github\project-cms\branch master\training-cms\wp-includes\general-template.php(48): locate_template(Array, true, true, Array)
#6 E:\github\project-cms\branch master\training-cms\wp-content\themes\storefront\page.php(13): get_header()
#7 E:\github\project-cms\branch master\training-cms\wp-includes\template-loader.php(106): include('E:\\github\\proje...')
#8 E:\github\project-cms\branch master\training-cms\wp-blog-header.php(19): require_once('E:\\github\\proje...')
#9 E:\github\project-cms\branch master\training-cms\index.php(17): require('E:\\github\\proje...')
#10 {main}
  thrown in E:\github\project-cms\branch master\training-cms\wp-includes\class-wp-hook.php on line 303

2021-12-08T04:09:25+00:00 CRITICAL Uncaught TypeError: call_user_func_array(): Argument #1 ($callback) must be a valid callback, function "storefront_skip_links" not found or invalid function name in E:\github\project-cms\branch master\training-cms\wp-includes\class-wp-hook.php:303
Stack trace:
#0 E:\github\project-cms\branch master\training-cms\wp-includes\class-wp-hook.php(327): WP_Hook->apply_filters(NULL, Array)
#1 E:\github\project-cms\branch master\training-cms\wp-includes\plugin.php(470): WP_Hook->do_action(Array)
#2 E:\github\project-cms\branch master\training-cms\wp-content\themes\storefront\header.php(50): do_action('storefront_head...')
#3 E:\github\project-cms\branch master\training-cms\wp-includes\template.php(770): require_once('E:\\github\\proje...')
#4 E:\github\project-cms\branch master\training-cms\wp-includes\template.php(716): load_template('E:\\github\\proje...', true, Array)
#5 E:\github\project-cms\branch master\training-cms\wp-includes\general-template.php(48): locate_template(Array, true, true, Array)
#6 E:\github\project-cms\branch master\training-cms\wp-content\themes\storefront\page.php(13): get_header()
#7 E:\github\project-cms\branch master\training-cms\wp-includes\template-loader.php(106): include('E:\\github\\proje...')
#8 E:\github\project-cms\branch master\training-cms\wp-blog-header.php(19): require_once('E:\\github\\proje...')
#9 E:\github\project-cms\branch master\training-cms\index.php(17): require('E:\\github\\proje...')
#10 {main}
  thrown in E:\github\project-cms\branch master\training-cms\wp-includes\class-wp-hook.php on line 303

2021-12-08T04:09:52+00:00 CRITICAL Uncaught TypeError: call_user_func_array(): Argument #1 ($callback) must be a valid callback, function "storefront_page_content" not found or invalid function name in E:\github\project-cms\branch master\training-cms\wp-includes\class-wp-hook.php:303
Stack trace:
#0 E:\github\project-cms\branch master\training-cms\wp-includes\class-wp-hook.php(327): WP_Hook->apply_filters(NULL, Array)
#1 E:\github\project-cms\branch master\training-cms\wp-includes\plugin.php(470): WP_Hook->do_action(Array)
#2 E:\github\project-cms\branch master\training-cms\wp-content\themes\storefront\content-page.php(18): do_action('storefront_page')
#3 E:\github\project-cms\branch master\training-cms\wp-includes\template.php(772): require('E:\\github\\proje...')
#4 E:\github\project-cms\branch master\training-cms\wp-includes\template.php(716): load_template('E:\\github\\proje...', false, Array)
#5 E:\github\project-cms\branch master\training-cms\wp-includes\general-template.php(204): locate_template(Array, true, false, Array)
#6 E:\github\project-cms\branch master\training-cms\wp-content\themes\storefront\page.php(24): get_template_part('content', 'page')
#7 E:\github\project-cms\branch master\training-cms\wp-includes\template-loader.php(106): include('E:\\github\\proje...')
#8 E:\github\project-cms\branch master\training-cms\wp-blog-header.php(19): require_once('E:\\github\\proje...')
#9 E:\github\project-cms\branch master\training-cms\index.php(17): require('E:\\github\\proje...')
#10 {main}
  thrown in E:\github\project-cms\branch master\training-cms\wp-includes\class-wp-hook.php on line 303

2021-12-08T04:09:54+00:00 CRITICAL Uncaught TypeError: call_user_func_array(): Argument #1 ($callback) must be a valid callback, function "storefront_page_content" not found or invalid function name in E:\github\project-cms\branch master\training-cms\wp-includes\class-wp-hook.php:303
Stack trace:
#0 E:\github\project-cms\branch master\training-cms\wp-includes\class-wp-hook.php(327): WP_Hook->apply_filters(NULL, Array)
#1 E:\github\project-cms\branch master\training-cms\wp-includes\plugin.php(470): WP_Hook->do_action(Array)
#2 E:\github\project-cms\branch master\training-cms\wp-content\themes\storefront\content-page.php(18): do_action('storefront_page')
#3 E:\github\project-cms\branch master\training-cms\wp-includes\template.php(772): require('E:\\github\\proje...')
#4 E:\github\project-cms\branch master\training-cms\wp-includes\template.php(716): load_template('E:\\github\\proje...', false, Array)
#5 E:\github\project-cms\branch master\training-cms\wp-includes\general-template.php(204): locate_template(Array, true, false, Array)
#6 E:\github\project-cms\branch master\training-cms\wp-content\themes\storefront\page.php(24): get_template_part('content', 'page')
#7 E:\github\project-cms\branch master\training-cms\wp-includes\template-loader.php(106): include('E:\\github\\proje...')
#8 E:\github\project-cms\branch master\training-cms\wp-blog-header.php(19): require_once('E:\\github\\proje...')
#9 E:\github\project-cms\branch master\training-cms\index.php(17): require('E:\\github\\proje...')
#10 {main}
  thrown in E:\github\project-cms\branch master\training-cms\wp-includes\class-wp-hook.php on line 303

2021-12-08T04:36:13+00:00 CRITICAL Uncaught TypeError: call_user_func_array(): Argument #1 ($callback) must be a valid callback, function "storefront_get_sidebar" not found or invalid function name in E:\github\project-cms\branch master\training-cms\wp-includes\class-wp-hook.php:303
Stack trace:
#0 E:\github\project-cms\branch master\training-cms\wp-includes\class-wp-hook.php(327): WP_Hook->apply_filters('', Array)
#1 E:\github\project-cms\branch master\training-cms\wp-includes\plugin.php(470): WP_Hook->do_action(Array)
#2 E:\github\project-cms\branch master\training-cms\wp-content\themes\storefront\page.php(40): do_action('storefront_side...')
#3 E:\github\project-cms\branch master\training-cms\wp-includes\template-loader.php(106): include('E:\\github\\proje...')
#4 E:\github\project-cms\branch master\training-cms\wp-blog-header.php(19): require_once('E:\\github\\proje...')
#5 E:\github\project-cms\branch master\training-cms\index.php(17): require('E:\\github\\proje...')
#6 {main}
  thrown in E:\github\project-cms\branch master\training-cms\wp-includes\class-wp-hook.php on line 303

2021-12-08T04:36:14+00:00 CRITICAL Uncaught TypeError: call_user_func_array(): Argument #1 ($callback) must be a valid callback, function "storefront_get_sidebar" not found or invalid function name in E:\github\project-cms\branch master\training-cms\wp-includes\class-wp-hook.php:303
Stack trace:
#0 E:\github\project-cms\branch master\training-cms\wp-includes\class-wp-hook.php(327): WP_Hook->apply_filters('', Array)
#1 E:\github\project-cms\branch master\training-cms\wp-includes\plugin.php(470): WP_Hook->do_action(Array)
#2 E:\github\project-cms\branch master\training-cms\wp-content\themes\storefront\page.php(40): do_action('storefront_side...')
#3 E:\github\project-cms\branch master\training-cms\wp-includes\template-loader.php(106): include('E:\\github\\proje...')
#4 E:\github\project-cms\branch master\training-cms\wp-blog-header.php(19): require_once('E:\\github\\proje...')
#5 E:\github\project-cms\branch master\training-cms\index.php(17): require('E:\\github\\proje...')
#6 {main}
  thrown in E:\github\project-cms\branch master\training-cms\wp-includes\class-wp-hook.php on line 303

2021-12-08T05:54:35+00:00 CRITICAL syntax error, unexpected token "}" in E:\github\project-cms\branch master\training-cms\wp-content\themes\storefront\inc\storefront-template-functions.php on line 644

